Using pre-set license
Built from '2020.3/staging' branch; Version is '2020.3.8f1 (507919d4fff5) revision 5273881'; Using compiler version '192528614'; Build Type 'Release'
OS: 'Windows 10 Education; OS build 19043.1645; Version 2009; 64bit' Language: 'en' Physical Memory: 32662 MB
BatchMode: 1, IsHumanControllingUs: 0, StartBugReporterOnCrash: 0, Is64bit: 1, IsPro: 0

 COMMAND LINE ARGUMENTS:
D:\Games\Unity\Editor\2020.3.8f1\Editor\Unity.exe
-adb2
-batchMode
-noUpm
-name
AssetImportWorker0
-projectPath
D:/Games/Unity/Projects/Rat/Rat
-logFile
Logs/AssetImportWorker0.log
-srvPort
56215
Successfully changed project path to: D:/Games/Unity/Projects/Rat/Rat
D:/Games/Unity/Projects/Rat/Rat
Using Asset Import Pipeline V2.
Refreshing native plugins compatible for Editor in 30.75 ms, found 1 plugins.
Preloading 0 native plugins for Editor in 0.00 ms.
Initialize engine version: 2020.3.8f1 (507919d4fff5)
[Subsystems] Discovering subsystems at path D:/Games/Unity/Editor/2020.3.8f1/Editor/Data/Resources/UnitySubsystems
[Subsystems] Discovering subsystems at path D:/Games/Unity/Projects/Rat/Rat/Assets
GfxDevice: creating device client; threaded=0
Direct3D:
    Version:  Direct3D 11.0 [level 11.1]
    Renderer: NVIDIA GeForce RTX 3070 (ID=0x2484)
    Vendor:   
    VRAM:     8043 MB
    Driver:   27.21.14.5751
Initialize mono
Mono path[0] = 'D:/Games/Unity/Editor/2020.3.8f1/Editor/Data/Managed'
Mono path[1] = 'D:/Games/Unity/Editor/2020.3.8f1/Editor/Data/MonoBleedingEdge/lib/mono/unityjit'
Mono config path = 'D:/Games/Unity/Editor/2020.3.8f1/Editor/Data/MonoBleedingEdge/etc'
Using monoOptions --debugger-agent=transport=dt_socket,embedding=1,server=y,suspend=n,address=127.0.0.1:56056
Begin MonoManager ReloadAssembly
Registering precompiled unity dll's ...
Register platform support module: D:/Games/Unity/Editor/2020.3.8f1/Editor/Data/PlaybackEngines/WindowsStandaloneSupport/UnityEditor.WindowsStandalone.Extensions.dll
Registered in 0.001547 seconds.
Native extension for WindowsStandalone target not found
Refreshing native plugins compatible for Editor in 31.16 ms, found 1 plugins.
Preloading 0 native plugins for Editor in 0.00 ms.
Mono: successfully reloaded assembly
- Completed reload, in  1.048 seconds
Platform modules already initialized, skipping
Registering precompiled user dll's ...
Registered in 0.000857 seconds.
Begin MonoManager ReloadAssembly
Native extension for WindowsStandalone target not found
Refreshing native plugins compatible for Editor in 36.10 ms, found 1 plugins.
Preloading 0 native plugins for Editor in 0.00 ms.
Mono: successfully reloaded assembly
- Completed reload, in  0.841 seconds
Platform modules already initialized, skipping
========================================================================
Worker process is ready to serve import requests
Launched and connected shader compiler UnityShaderCompiler.exe after 0.04 seconds
Refreshing native plugins compatible for Editor in 0.60 ms, found 1 plugins.
Preloading 0 native plugins for Editor in 0.00 ms.
Unloading 1839 Unused Serialized files (Serialized files now loaded: 0)
System memory in use before: 86.0 MB.
System memory in use after: 86.0 MB.

Unloading 23 unused Assets to reduce memory usage. Loaded Objects now: 2286.
Total: 2.022900 ms (FindLiveObjects: 0.211900 ms CreateObjectMapping: 0.067700 ms MarkObjects: 1.646400 ms  DeleteObjects: 0.096100 ms)

========================================================================
Received Import Request.
  path: Assets/Mine Board/Combat Board/Player/PlayerStats.cs
  artifactKey: Guid(ad7bddb42f315134280bb85bba3bb449) Importer(815301076,1909f56bfc062723c751e8b465ee728b)
Start importing Assets/Mine Board/Combat Board/Player/PlayerStats.cs using Guid(ad7bddb42f315134280bb85bba3bb449) Importer(815301076,1909f56bfc062723c751e8b465ee728b)  -> (artifact id: '874bc71649e499d80f5191530b6a3d5a') in 0.028267 seconds
  Import took 0.171676 seconds .

========================================================================
Received Import Request.
  Time since last request: 25.514753 seconds.
  path: Assets/Mine Board/GameHandler.cs
  artifactKey: Guid(46bd1bbfa49f6d4458ff5a7ec4735b4e) Importer(815301076,1909f56bfc062723c751e8b465ee728b)
Start importing Assets/Mine Board/GameHandler.cs using Guid(46bd1bbfa49f6d4458ff5a7ec4735b4e) Importer(815301076,1909f56bfc062723c751e8b465ee728b)  -> (artifact id: 'e11b6e5b482e5f111d91a828a4e491bd') in 0.001528 seconds
  Import took 0.110807 seconds .

========================================================================
Received Prepare
Registering precompiled user dll's ...
Registered in 0.000941 seconds.
Begin MonoManager ReloadAssembly
Native extension for WindowsStandalone target not found
Refreshing native plugins compatible for Editor in 0.39 ms, found 1 plugins.
Preloading 0 native plugins for Editor in 0.00 ms.
Mono: successfully reloaded assembly
- Completed reload, in  0.731 seconds
Platform modules already initialized, skipping
Refreshing native plugins compatible for Editor in 0.63 ms, found 1 plugins.
Preloading 0 native plugins for Editor in 0.00 ms.
Unloading 1833 Unused Serialized files (Serialized files now loaded: 0)
System memory in use before: 85.9 MB.
System memory in use after: 85.9 MB.

Unloading 11 unused Assets to reduce memory usage. Loaded Objects now: 2290.
Total: 1.920600 ms (FindLiveObjects: 0.166300 ms CreateObjectMapping: 0.070600 ms MarkObjects: 1.603800 ms  DeleteObjects: 0.078700 ms)

========================================================================
Received Import Request.
  Time since last request: 28.492715 seconds.
  path: Assets/Mine Board/GameHandler.cs
  artifactKey: Guid(46bd1bbfa49f6d4458ff5a7ec4735b4e) Importer(815301076,1909f56bfc062723c751e8b465ee728b)
Start importing Assets/Mine Board/GameHandler.cs using Guid(46bd1bbfa49f6d4458ff5a7ec4735b4e) Importer(815301076,1909f56bfc062723c751e8b465ee728b)  -> (artifact id: '235c2a5398245acc0a4492d5192eb464') in 0.004782 seconds
  Import took 0.023432 seconds .

========================================================================
Received Prepare
Refreshing native plugins compatible for Editor in 1.58 ms, found 1 plugins.
Preloading 0 native plugins for Editor in 0.00 ms.
Unloading 9 Unused Serialized files (Serialized files now loaded: 0)
System memory in use before: 49.9 MB.
System memory in use after: 49.9 MB.

Unloading 9 unused Assets to reduce memory usage. Loaded Objects now: 2290.
Total: 1.998900 ms (FindLiveObjects: 0.169400 ms CreateObjectMapping: 0.070300 ms MarkObjects: 1.685600 ms  DeleteObjects: 0.073000 ms)

========================================================================
Received Prepare
Registering precompiled user dll's ...
Registered in 0.001134 seconds.
Begin MonoManager ReloadAssembly
Native extension for WindowsStandalone target not found
Refreshing native plugins compatible for Editor in 0.34 ms, found 1 plugins.
Preloading 0 native plugins for Editor in 0.00 ms.
Mono: successfully reloaded assembly
- Completed reload, in  0.680 seconds
Platform modules already initialized, skipping
Refreshing native plugins compatible for Editor in 0.33 ms, found 1 plugins.
Preloading 0 native plugins for Editor in 0.00 ms.
Unloading 1833 Unused Serialized files (Serialized files now loaded: 0)
System memory in use before: 85.9 MB.
System memory in use after: 86.0 MB.

Unloading 11 unused Assets to reduce memory usage. Loaded Objects now: 2294.
Total: 1.695500 ms (FindLiveObjects: 0.156900 ms CreateObjectMapping: 0.055600 ms MarkObjects: 1.401800 ms  DeleteObjects: 0.080300 ms)

========================================================================
Received Prepare
Refreshing native plugins compatible for Editor in 1.55 ms, found 1 plugins.
Preloading 0 native plugins for Editor in 0.00 ms.
Unloading 9 Unused Serialized files (Serialized files now loaded: 0)
System memory in use before: 49.9 MB.
System memory in use after: 49.9 MB.

Unloading 9 unused Assets to reduce memory usage. Loaded Objects now: 2294.
Total: 1.855900 ms (FindLiveObjects: 0.175800 ms CreateObjectMapping: 0.049200 ms MarkObjects: 1.554300 ms  DeleteObjects: 0.075800 ms)

AssetImportWorkerClient::OnTransportError - code=2 error=End of file
